#
# A fatal error has been detected by the Java Runtime Environment:
#
#  Internal Error (javaClasses.cpp:126), pid=3724, tid=3152
#  fatal error: Invalid layout of preloaded class
#
# JRE version:  (8.0_20-b26) (build )
# Java VM: Java HotSpot(TM) Client VM (25.20-b23 mixed mode windows-x86 )
# Failed to write core dump. Minidumps are not enabled by default on client versions of Windows
#
# If you would like to submit a bug report, please visit:
#   http://bugreport.sun.com/bugreport/crash.jsp
#

---------------  T H R E A D  ---------------

Current thread (0x0195bc00):  JavaThread "Unknown thread" [_thread_in_vm, id=3152, stack(0x00350000,0x003a0000)]

Stack: [0x00350000,0x003a0000],  sp=0x0039f64c,  free space=317k
Native frames: (J=compiled Java code, j=interpreted, Vv=VM code, C=native code)
V  [jvm.dll+0x196ccb]
V  [jvm.dll+0x18fc56]
V  [jvm.dll+0x3b52a]
V  [jvm.dll+0x3b6e0]
V  [jvm.dll+0x4a2a3]
V  [jvm.dll+0x9d44e]
V  [jvm.dll+0x9d712]
V  [jvm.dll+0x144f11]
V  [jvm.dll+0x168e48]
V  [jvm.dll+0xda6d1]
C  [javaw.exe+0x13e4]
C  [javaw.exe+0x1eb7]
C  [javaw.exe+0xaba1]
C  [javaw.exe+0xac2b]
C  [kernel32.dll+0x4ee1c]
C  [ntdll.dll+0x637eb]
C  [ntdll.dll+0x637be]
C  0x00000000


---------------  P R O C E S S  ---------------

Java Threads: ( => current thread )

Other Threads:

=>0x0195bc00 (exited) JavaThread "Unknown thread" [_thread_in_vm, id=3152, stack(0x00350000,0x003a0000)]

VM state:not at safepoint (not fully initialized)

VM Mutex/Monitor currently owned by a thread: None

GC Heap History (0 events):
No events

Deoptimization events (0 events):
No events

Internal exceptions (0 events):
No events

Events (10 events):
Event: 0.073 loading class java/lang/CharSequence done
Event: 0.073 loading class java/lang/String done
Event: 0.073 loading class java/lang/Class
Event: 0.073 loading class java/lang/reflect/AnnotatedElement
Event: 0.089 loading class java/lang/reflect/AnnotatedElement done
Event: 0.089 loading class java/lang/reflect/GenericDeclaration
Event: 0.089 loading class java/lang/reflect/GenericDeclaration done
Event: 0.089 loading class java/lang/reflect/Type
Event: 0.090 loading class java/lang/reflect/Type done
Event: 0.090 loading class java/lang/Class done


Dynamic libraries:
0x013e0000 - 0x01410000 	C:\Program Files\Java\jdk1.8.0_20\bin\javaw.exe
0x76fb0000 - 0x770ec000 	C:\Windows\SYSTEM32\ntdll.dll
0x75b10000 - 0x75be4000 	C:\Windows\system32\kernel32.dll
0x75050000 - 0x7509b000 	C:\Windows\system32\KERNELBASE.dll
0x75a20000 - 0x75ac0000 	C:\Windows\system32\ADVAPI32.dll
0x76e30000 - 0x76edc000 	C:\Windows\system32\msvcrt.dll
0x759c0000 - 0x759d9000 	C:\Windows\SYSTEM32\sechost.dll
0x77130000 - 0x771d2000 	C:\Windows\system32\RPCRT4.dll
0x76ee0000 - 0x76fa9000 	C:\Windows\system32\USER32.dll
0x75d00000 - 0x75d4e000 	C:\Windows\system32\GDI32.dll
0x77120000 - 0x7712a000 	C:\Windows\system32\LPK.dll
0x75350000 - 0x753ed000 	C:\Windows\system32\USP10.dll
0x73e30000 - 0x73fce000 	C:\Windows\WinSxS\x86_microsoft.windows.common-controls_6595b64144ccf1df_6.0.7601.17514_none_41e6975e2bd6f2b2\COMCTL32.dll
0x75810000 - 0x75867000 	C:\Windows\system32\SHLWAPI.dll
0x77100000 - 0x7711f000 	C:\Windows\system32\IMM32.DLL
0x75d50000 - 0x75e1c000 	C:\Windows\system32\MSCTF.dll
0x73070000 - 0x7312f000 	C:\Program Files\Java\jdk1.8.0_20\jre\bin\msvcr100.dll
0x582b0000 - 0x58652000 	C:\Program Files\Java\jdk1.8.0_20\jre\bin\client\jvm.dll
0x6fa00000 - 0x6fa07000 	C:\Windows\system32\WSOCK32.dll
0x759e0000 - 0x75a15000 	C:\Windows\system32\WS2_32.dll
0x759b0000 - 0x759b6000 	C:\Windows\system32\NSI.dll
0x716d0000 - 0x71702000 	C:\Windows\system32\WINMM.dll
0x770f0000 - 0x770f5000 	C:\Windows\system32\PSAPI.DLL
0x58a00000 - 0x58a0c000 	C:\Program Files\Java\jdk1.8.0_20\jre\bin\verify.dll
0x589d0000 - 0x589f1000 	C:\Program Files\Java\jdk1.8.0_20\jre\bin\java.dll
0x589b0000 - 0x589c3000 	C:\Program Files\Java\jdk1.8.0_20\jre\bin\zip.dll
0x683a0000 - 0x6848b000 	C:\Windows\system32\dbghelp.dll

VM Arguments:
jvm_args: -Dfile.encoding=Cp1252 -Xbootclasspath:E:\Eclipse Android\adt-bundle-windows-x86-20140702\sdk\platforms\android-19\android.jar 
java_command: Test
java_class_path (initial): E:\Eclipse Android\Workspace\UIContactManager\bin\classes;E:\Eclipse Android\Workspace\UIContactManager\libs\android-support-v4.jar
Launcher Type: SUN_STANDARD

Environment Variables:
CLASSPATH=C:\Program Files\Java\jdk1.8.0_20\lib
PATH=C:/Program Files/Java/jdk1.8.0_20/bin/../jre/bin/client;C:/Program Files/Java/jdk1.8.0_20/bin/../jre/bin;C:/Program Files/Java/jdk1.8.0_20/bin/../jre/lib/i386;C:\Program Files\Java\jdk1.8.0_20\bin;C:\ProgramData\Oracle\Java\javapath;C:\Program Files\Java\jdk1.7.0_45\bin;C:\Program Files\Microsoft SQL Server\110\Tools\Binn\;C:\Program Files\Microsoft SQL Server\110\DTS\Binn\;E:\Eclipse Android\adt-bundle-windows-x86-20140702\eclipse;
USERNAME=ROCKY
OS=Windows_NT
PROCESSOR_IDENTIFIER=x86 Family 6 Model 23 Stepping 10, GenuineIntel



---------------  S Y S T E M  ---------------

OS: Windows 7 Build 7601 Service Pack 1

CPU:total 2 (2 cores per cpu, 1 threads per core) family 6 model 23 stepping 10, cmov, cx8, fxsr, mmx, sse, sse2, sse3, ssse3, sse4.1, tsc

Memory: 4k page, physical 3143656k(1183068k free), swap 6285560k(3366784k free)

vm_info: Java HotSpot(TM) Client VM (25.20-b23) for windows-x86 JRE (1.8.0_20-b26), built on Jul 30 2014 18:14:41 by "java_re" with MS VC++ 10.0 (VS2010)

time: Sun Nov 02 12:21:38 2014
elapsed time: 0 seconds (0d 0h 0m 0s)

